2019-02-22 19:27:12  [ main:62576 ] - [ ERROR ]  Null nodeXpath , continue.
2019-02-22 19:27:12  [ main:62578 ] - [ ERROR ]  Null nodeXpath , continue.
2019-02-22 19:27:12  [ main:62580 ] - [ ERROR ]  Null nodeXpath , continue.
2019-02-22 19:27:12  [ main:62581 ] - [ ERROR ]  Null nodeXpath , continue.
2019-02-22 19:27:13  [ main:62672 ] - [ ERROR ]  Null nodeXpath , continue.
2019-02-22 19:27:13  [ main:62675 ] - [ ERROR ]  Null nodeXpath , continue.
2019-02-22 19:27:13  [ main:62677 ] - [ ERROR ]  Null nodeXpath , continue.
2019-02-22 19:27:13  [ main:62683 ] - [ ERROR ]  Null nodeXpath , continue.
2019-02-22 19:27:13  [ main:62692 ] - [ ERROR ]  Null nodeXpath , continue.
2019-02-22 19:27:13  [ main:62697 ] - [ ERROR ]  Null nodeXpath , continue.
2019-02-22 19:27:13  [ main:62700 ] - [ ERROR ]  Null nodeXpath , continue.
2019-02-22 19:27:13  [ main:62742 ] - [ ERROR ]  Null nodeXpath , continue.
2019-02-22 19:27:13  [ main:62818 ] - [ ERROR ]  Null nodeXpath , continue.
2019-02-22 19:27:13  [ main:62823 ] - [ ERROR ]  Null nodeXpath , continue.
2019-02-22 19:27:13  [ main:62835 ] - [ ERROR ]  Null nodeXpath , continue.
2019-02-22 19:27:13  [ main:62835 ] - [ ERROR ]  Null nodeXpath , continue.
2019-02-22 19:27:13  [ main:62836 ] - [ ERROR ]  Null nodeXpath , continue.
2019-02-22 19:27:56  [ main:106303 ] - [ ERROR ]  Null nodeXpath , continue.
2019-02-22 19:27:56  [ main:106305 ] - [ ERROR ]  Null nodeXpath , continue.
2019-02-22 19:27:56  [ main:106306 ] - [ ERROR ]  Null nodeXpath , continue.
2019-02-22 19:27:56  [ main:106307 ] - [ ERROR ]  Null nodeXpath , continue.
2019-02-22 19:27:56  [ main:106307 ] - [ ERROR ]  Null nodeXpath , continue.
2019-02-22 19:27:56  [ main:106308 ] - [ ERROR ]  Null nodeXpath , continue.
2019-02-22 19:27:56  [ main:106308 ] - [ ERROR ]  Null nodeXpath , continue.
2019-02-22 19:27:56  [ main:106309 ] - [ ERROR ]  Null nodeXpath , continue.
2019-02-22 19:27:56  [ main:106309 ] - [ ERROR ]  Null nodeXpath , continue.
2019-02-22 19:27:56  [ main:106309 ] - [ ERROR ]  Null nodeXpath , continue.
2019-02-22 19:29:30  [ main:199979 ] - [ ERROR ]  Null nodeXpath , continue.
2019-02-22 19:29:30  [ main:199980 ] - [ ERROR ]  Null nodeXpath , continue.
2019-02-22 19:29:30  [ main:199980 ] - [ ERROR ]  Null nodeXpath , continue.
2019-02-22 19:29:30  [ main:199981 ] - [ ERROR ]  Null nodeXpath , continue.
2019-02-22 19:29:30  [ main:199981 ] - [ ERROR ]  Null nodeXpath , continue.
2019-02-22 19:29:30  [ main:199981 ] - [ ERROR ]  Null nodeXpath , continue.
2019-02-22 19:29:30  [ main:199981 ] - [ ERROR ]  Null nodeXpath , continue.
2019-02-22 19:29:30  [ main:199982 ] - [ ERROR ]  Null nodeXpath , continue.
2019-02-22 19:29:30  [ main:199982 ] - [ ERROR ]  Null nodeXpath , continue.
2019-02-22 19:29:30  [ main:199982 ] - [ ERROR ]  Null nodeXpath , continue.
2019-02-22 19:29:30  [ main:199982 ] - [ ERROR ]  Null nodeXpath , continue.
2019-02-22 19:29:30  [ main:199983 ] - [ ERROR ]  Null nodeXpath , continue.
2019-02-22 19:29:30  [ main:199983 ] - [ ERROR ]  Null nodeXpath , continue.
2019-02-22 19:29:30  [ main:199983 ] - [ ERROR ]  Null nodeXpath , continue.
2019-02-22 19:29:30  [ main:199983 ] - [ ERROR ]  Null nodeXpath , continue.
2019-02-22 19:29:30  [ main:199984 ] - [ ERROR ]  Null nodeXpath , continue.
2019-02-22 19:29:30  [ main:199985 ] - [ ERROR ]  Null nodeXpath , continue.
2019-02-22 19:29:30  [ main:199985 ] - [ ERROR ]  Null nodeXpath , continue.
2019-02-22 19:29:46  [ main:216208 ] - [ ERROR ]  Null nodeXpath , continue.
2019-02-22 19:29:46  [ main:216210 ] - [ ERROR ]  Null nodeXpath , continue.
2019-02-22 19:29:46  [ main:216211 ] - [ ERROR ]  Null nodeXpath , continue.
2019-02-22 19:29:46  [ main:216211 ] - [ ERROR ]  Null nodeXpath , continue.
2019-02-22 19:29:46  [ main:216212 ] - [ ERROR ]  Null nodeXpath , continue.
2019-02-22 19:29:46  [ main:216216 ] - [ ERROR ]  Null nodeXpath , continue.
2019-02-22 19:29:46  [ main:216216 ] - [ ERROR ]  Null nodeXpath , continue.
2019-02-22 19:29:46  [ main:216216 ] - [ ERROR ]  Null nodeXpath , continue.
2019-02-22 19:29:46  [ main:216217 ] - [ ERROR ]  Null nodeXpath , continue.
2019-02-22 19:29:46  [ main:216217 ] - [ ERROR ]  Null nodeXpath , continue.
2019-02-22 19:31:01  [ main:291273 ] - [ ERROR ]  Null nodeXpath , continue.
2019-02-22 19:31:01  [ main:291275 ] - [ ERROR ]  Null nodeXpath , continue.
2019-02-22 19:31:01  [ main:291276 ] - [ ERROR ]  Null nodeXpath , continue.
2019-02-22 19:31:01  [ main:291277 ] - [ ERROR ]  Null nodeXpath , continue.
2019-02-22 19:31:01  [ main:291278 ] - [ ERROR ]  Null nodeXpath , continue.
2019-02-22 19:31:01  [ main:291278 ] - [ ERROR ]  Null nodeXpath , continue.
2019-02-22 19:31:01  [ main:291278 ] - [ ERROR ]  Null nodeXpath , continue.
2019-02-22 19:31:01  [ main:291279 ] - [ ERROR ]  Null nodeXpath , continue.
2019-02-22 19:31:01  [ main:291279 ] - [ ERROR ]  Null nodeXpath , continue.
2019-02-22 19:31:01  [ main:291280 ] - [ ERROR ]  Null nodeXpath , continue.
2019-02-22 19:31:01  [ main:291280 ] - [ ERROR ]  Null nodeXpath , continue.
2019-02-22 19:31:01  [ main:291280 ] - [ ERROR ]  Null nodeXpath , continue.
2019-02-22 19:31:01  [ main:291280 ] - [ ERROR ]  Null nodeXpath , continue.
2019-02-22 19:31:01  [ main:291280 ] - [ ERROR ]  Null nodeXpath , continue.
2019-02-22 19:31:01  [ main:291280 ] - [ ERROR ]  Null nodeXpath , continue.
2019-02-22 19:31:01  [ main:291280 ] - [ ERROR ]  Null nodeXpath , continue.
2019-02-22 19:31:01  [ main:291281 ] - [ ERROR ]  Null nodeXpath , continue.
2019-02-22 19:31:01  [ main:291281 ] - [ ERROR ]  Null nodeXpath , continue.
2019-02-22 19:31:01  [ main:291281 ] - [ ERROR ]  Null nodeXpath , continue.
2019-02-22 19:31:01  [ main:291281 ] - [ ERROR ]  Null nodeXpath , continue.
2019-02-22 19:31:01  [ main:291281 ] - [ ERROR ]  Null nodeXpath , continue.
2019-02-22 19:31:01  [ main:291281 ] - [ ERROR ]  Null nodeXpath , continue.
2019-02-22 19:31:01  [ main:291281 ] - [ ERROR ]  Null nodeXpath , continue.
2019-02-22 19:31:01  [ main:291282 ] - [ ERROR ]  Null nodeXpath , continue.
2019-02-22 19:31:01  [ main:291282 ] - [ ERROR ]  Null nodeXpath , continue.
2019-02-22 19:31:01  [ main:291282 ] - [ ERROR ]  Null nodeXpath , continue.
2019-02-22 19:31:01  [ main:291282 ] - [ ERROR ]  Null nodeXpath , continue.
2019-02-22 19:31:54  [ main:344046 ] - [ ERROR ]  Null nodeXpath , continue.
2019-02-22 19:31:54  [ main:344048 ] - [ ERROR ]  Null nodeXpath , continue.
2019-02-22 19:31:54  [ main:344048 ] - [ ERROR ]  Null nodeXpath , continue.
2019-02-22 19:31:54  [ main:344048 ] - [ ERROR ]  Null nodeXpath , continue.
2019-02-22 19:31:54  [ main:344048 ] - [ ERROR ]  Null nodeXpath , continue.
2019-02-22 19:31:54  [ main:344048 ] - [ ERROR ]  Null nodeXpath , continue.
2019-02-22 19:31:54  [ main:344049 ] - [ ERROR ]  Null nodeXpath , continue.
2019-02-22 19:31:54  [ main:344049 ] - [ ERROR ]  Null nodeXpath , continue.
2019-02-22 19:31:54  [ main:344049 ] - [ ERROR ]  Null nodeXpath , continue.
2019-02-22 19:31:54  [ main:344049 ] - [ ERROR ]  Null nodeXpath , continue.
2019-02-22 19:31:54  [ main:344049 ] - [ ERROR ]  Null nodeXpath , continue.
2019-02-22 19:31:54  [ main:344049 ] - [ ERROR ]  Null nodeXpath , continue.
2019-02-22 19:31:54  [ main:344049 ] - [ ERROR ]  Null nodeXpath , continue.
2019-02-22 19:31:54  [ main:344049 ] - [ ERROR ]  Null nodeXpath , continue.
2019-02-22 19:31:54  [ main:344049 ] - [ ERROR ]  Null nodeXpath , continue.
2019-02-22 19:31:54  [ main:344049 ] - [ ERROR ]  Null nodeXpath , continue.
2019-02-22 19:31:54  [ main:344050 ] - [ ERROR ]  Null nodeXpath , continue.
2019-02-22 19:31:54  [ main:344050 ] - [ ERROR ]  Null nodeXpath , continue.
2019-02-22 19:31:54  [ main:344050 ] - [ ERROR ]  Null nodeXpath , continue.
2019-02-22 19:31:54  [ main:344050 ] - [ ERROR ]  Null nodeXpath , continue.
2019-02-22 19:31:54  [ main:344050 ] - [ ERROR ]  Null nodeXpath , continue.
2019-02-22 19:32:33  [ main:383120 ] - [ ERROR ]  当前com.taobao.browser.BrowserActivity没有可点击的元素
2019-02-22 19:33:13  [ main:423051 ] - [ ERROR ]  Null nodeXpath , continue.
2019-02-22 19:33:13  [ main:423052 ] - [ ERROR ]  Null nodeXpath , continue.
2019-02-22 19:33:13  [ main:423052 ] - [ ERROR ]  Null nodeXpath , continue.
2019-02-22 19:33:13  [ main:423053 ] - [ ERROR ]  Null nodeXpath , continue.
2019-02-22 19:33:13  [ main:423053 ] - [ ERROR ]  Null nodeXpath , continue.
2019-02-22 19:33:13  [ main:423053 ] - [ ERROR ]  Null nodeXpath , continue.
2019-02-22 19:33:13  [ main:423053 ] - [ ERROR ]  Null nodeXpath , continue.
2019-02-22 19:33:13  [ main:423053 ] - [ ERROR ]  Null nodeXpath , continue.
2019-02-22 19:33:13  [ main:423053 ] - [ ERROR ]  Null nodeXpath , continue.
2019-02-22 19:33:13  [ main:423053 ] - [ ERROR ]  Null nodeXpath , continue.
2019-02-22 19:33:13  [ main:423053 ] - [ ERROR ]  Null nodeXpath , continue.
2019-02-22 19:33:13  [ main:423053 ] - [ ERROR ]  Null nodeXpath , continue.
2019-02-22 19:33:13  [ main:423053 ] - [ ERROR ]  Null nodeXpath , continue.
2019-02-22 19:33:13  [ main:423053 ] - [ ERROR ]  Null nodeXpath , continue.
2019-02-22 19:33:13  [ main:423053 ] - [ ERROR ]  Null nodeXpath , continue.
2019-02-22 19:33:13  [ main:423053 ] - [ ERROR ]  Null nodeXpath , continue.
2019-02-22 19:33:13  [ main:423053 ] - [ ERROR ]  Null nodeXpath , continue.
2019-02-22 19:33:13  [ main:423054 ] - [ ERROR ]  Null nodeXpath , continue.
2019-02-22 19:33:13  [ main:423054 ] - [ ERROR ]  Null nodeXpath , continue.
2019-02-22 19:33:13  [ main:423054 ] - [ ERROR ]  Null nodeXpath , continue.
2019-02-22 19:33:13  [ main:423054 ] - [ ERROR ]  Null nodeXpath , continue.
2019-02-22 19:33:58  [ main:468478 ] - [ ERROR ]  Null nodeXpath , continue.
2019-02-22 19:33:58  [ main:468479 ] - [ ERROR ]  Null nodeXpath , continue.
2019-02-22 19:33:58  [ main:468479 ] - [ ERROR ]  Null nodeXpath , continue.
2019-02-22 19:33:58  [ main:468479 ] - [ ERROR ]  Null nodeXpath , continue.
2019-02-22 19:33:58  [ main:468480 ] - [ ERROR ]  Null nodeXpath , continue.
2019-02-22 19:33:58  [ main:468480 ] - [ ERROR ]  Null nodeXpath , continue.
2019-02-22 19:33:58  [ main:468480 ] - [ ERROR ]  Null nodeXpath , continue.
2019-02-22 19:33:58  [ main:468480 ] - [ ERROR ]  Null nodeXpath , continue.
2019-02-22 19:33:58  [ main:468480 ] - [ ERROR ]  Null nodeXpath , continue.
2019-02-22 19:33:58  [ main:468480 ] - [ ERROR ]  Null nodeXpath , continue.
2019-02-22 19:33:58  [ main:468480 ] - [ ERROR ]  Null nodeXpath , continue.
2019-02-22 19:33:58  [ main:468481 ] - [ ERROR ]  Null nodeXpath , continue.
2019-02-22 19:33:58  [ main:468481 ] - [ ERROR ]  Null nodeXpath , continue.
2019-02-22 19:33:58  [ main:468481 ] - [ ERROR ]  Null nodeXpath , continue.
2019-02-22 19:33:58  [ main:468481 ] - [ ERROR ]  Null nodeXpath , continue.
2019-02-22 19:33:58  [ main:468481 ] - [ ERROR ]  Null nodeXpath , continue.
2019-02-22 19:33:58  [ main:468481 ] - [ ERROR ]  Null nodeXpath , continue.
2019-02-22 19:33:58  [ main:468481 ] - [ ERROR ]  Null nodeXpath , continue.
2019-02-22 19:33:58  [ main:468481 ] - [ ERROR ]  Null nodeXpath , continue.
2019-02-22 19:34:40  [ main:510108 ] - [ ERROR ]  当前com.taobao.cainiao.card.LogisticDetailCardActivity没有可点击的元素
2019-02-22 19:35:00  [ main:530547 ] - [ ERROR ]  当前com.taobao.cainiao.card.LogisticDetailCardActivity没有可点击的元素
2019-02-22 19:35:48  [ main:578339 ] - [ ERROR ]  当前com.taobao.order.search.OrderSearchActivity没有可点击的元素
2019-02-22 19:39:29  [ main:799212 ] - [ ERROR ]  Null nodeXpath , continue.
2019-02-22 19:41:54  [ main:944528 ] - [ ERROR ]  Null nodeXpath , continue.
2019-02-22 19:43:00  [ main:1010485 ] - [ ERROR ]  Null nodeXpath , continue.
2019-02-22 19:43:23  [ main:1033391 ] - [ ERROR ]  Null nodeXpath , continue.
2019-02-22 19:43:23  [ main:1033391 ] - [ ERROR ]  Null nodeXpath , continue.
2019-02-22 19:43:23  [ main:1033391 ] - [ ERROR ]  Null nodeXpath , continue.
2019-02-22 19:43:23  [ main:1033391 ] - [ ERROR ]  Null nodeXpath , continue.
2019-02-22 19:43:23  [ main:1033391 ] - [ ERROR ]  Null nodeXpath , continue.
2019-02-22 19:43:23  [ main:1033392 ] - [ ERROR ]  Null nodeXpath , continue.
2019-02-22 19:43:23  [ main:1033392 ] - [ ERROR ]  Null nodeXpath , continue.
2019-02-22 19:43:23  [ main:1033392 ] - [ ERROR ]  Null nodeXpath , continue.
2019-02-22 19:43:23  [ main:1033392 ] - [ ERROR ]  Null nodeXpath , continue.
2019-02-22 19:43:23  [ main:1033393 ] - [ ERROR ]  Null nodeXpath , continue.
2019-02-22 19:43:23  [ main:1033393 ] - [ ERROR ]  Null nodeXpath , continue.
2019-02-22 19:43:23  [ main:1033393 ] - [ ERROR ]  Null nodeXpath , continue.
2019-02-22 19:43:59  [ main:1068899 ] - [ ERROR ]  Null nodeXpath , continue.
2019-02-22 19:43:59  [ main:1068900 ] - [ ERROR ]  Null nodeXpath , continue.
2019-02-22 19:43:59  [ main:1068900 ] - [ ERROR ]  Null nodeXpath , continue.
2019-02-22 19:46:25  [ main:1215125 ] - [ ERROR ]  Null nodeXpath , continue.
2019-02-22 19:46:25  [ main:1215127 ] - [ ERROR ]  Null nodeXpath , continue.
2019-02-22 19:46:25  [ main:1215127 ] - [ ERROR ]  Null nodeXpath , continue.
2019-02-22 19:46:25  [ main:1215128 ] - [ ERROR ]  Null nodeXpath , continue.
2019-02-22 19:46:25  [ main:1215128 ] - [ ERROR ]  Null nodeXpath , continue.
2019-02-22 19:46:25  [ main:1215128 ] - [ ERROR ]  Null nodeXpath , continue.
2019-02-22 19:46:25  [ main:1215128 ] - [ ERROR ]  Null nodeXpath , continue.
2019-02-22 19:46:25  [ main:1215128 ] - [ ERROR ]  Null nodeXpath , continue.
2019-02-22 19:46:25  [ main:1215129 ] - [ ERROR ]  Null nodeXpath , continue.
2019-02-22 19:46:25  [ main:1215129 ] - [ ERROR ]  Null nodeXpath , continue.
2019-02-22 19:46:25  [ main:1215129 ] - [ ERROR ]  Null nodeXpath , continue.
2019-02-22 19:46:25  [ main:1215129 ] - [ ERROR ]  Null nodeXpath , continue.
2019-02-22 19:46:25  [ main:1215129 ] - [ ERROR ]  Null nodeXpath , continue.
2019-02-22 19:46:25  [ main:1215129 ] - [ ERROR ]  Null nodeXpath , continue.
2019-02-22 19:46:25  [ main:1215130 ] - [ ERROR ]  Null nodeXpath , continue.
2019-02-22 19:46:25  [ main:1215131 ] - [ ERROR ]  Null nodeXpath , continue.
2019-02-22 19:46:25  [ main:1215132 ] - [ ERROR ]  Null nodeXpath , continue.
2019-02-22 19:46:25  [ main:1215132 ] - [ ERROR ]  Null nodeXpath , continue.
2019-02-22 19:46:51  [ main:1240772 ] - [ ERROR ]  Null nodeXpath , continue.
2019-02-22 19:46:51  [ main:1240772 ] - [ ERROR ]  Null nodeXpath , continue.
2019-02-22 19:46:51  [ main:1240772 ] - [ ERROR ]  Null nodeXpath , continue.
2019-02-22 19:46:51  [ main:1240772 ] - [ ERROR ]  Null nodeXpath , continue.
2019-02-22 19:46:51  [ main:1240772 ] - [ ERROR ]  Null nodeXpath , continue.
2019-02-22 19:46:51  [ main:1240773 ] - [ ERROR ]  Null nodeXpath , continue.
2019-02-22 19:46:51  [ main:1240773 ] - [ ERROR ]  Null nodeXpath , continue.
2019-02-22 19:46:51  [ main:1240773 ] - [ ERROR ]  Null nodeXpath , continue.
2019-02-22 19:46:51  [ main:1240773 ] - [ ERROR ]  Null nodeXpath , continue.
2019-02-22 19:46:51  [ main:1240773 ] - [ ERROR ]  Null nodeXpath , continue.
2019-02-22 19:46:51  [ main:1240773 ] - [ ERROR ]  Null nodeXpath , continue.
2019-02-22 19:46:51  [ main:1240773 ] - [ ERROR ]  Null nodeXpath , continue.
2019-02-22 19:46:51  [ main:1240774 ] - [ ERROR ]  Null nodeXpath , continue.
2019-02-22 19:46:51  [ main:1240774 ] - [ ERROR ]  Null nodeXpath , continue.
2019-02-22 19:46:51  [ main:1240774 ] - [ ERROR ]  Null nodeXpath , continue.
2019-02-22 19:46:51  [ main:1240774 ] - [ ERROR ]  Null nodeXpath , continue.
2019-02-22 19:46:51  [ main:1240774 ] - [ ERROR ]  Null nodeXpath , continue.
2019-02-22 19:46:51  [ main:1240774 ] - [ ERROR ]  Null nodeXpath , continue.
2019-02-22 19:46:51  [ main:1240774 ] - [ ERROR ]  Null nodeXpath , continue.
2019-02-22 19:46:51  [ main:1240774 ] - [ ERROR ]  Null nodeXpath , continue.
2019-02-22 19:46:51  [ main:1240775 ] - [ ERROR ]  Null nodeXpath , continue.
2019-02-22 19:46:51  [ main:1240775 ] - [ ERROR ]  Null nodeXpath , continue.
2019-02-22 19:46:51  [ main:1240775 ] - [ ERROR ]  Null nodeXpath , continue.
2019-02-22 19:47:39  [ main:1289451 ] - [ ERROR ]  Null nodeXpath , continue.
2019-02-22 19:47:39  [ main:1289453 ] - [ ERROR ]  Null nodeXpath , continue.
2019-02-22 19:47:39  [ main:1289453 ] - [ ERROR ]  Null nodeXpath , continue.
2019-02-22 19:47:39  [ main:1289453 ] - [ ERROR ]  Null nodeXpath , continue.
2019-02-22 19:47:39  [ main:1289453 ] - [ ERROR ]  Null nodeXpath , continue.
2019-02-22 19:47:39  [ main:1289453 ] - [ ERROR ]  Null nodeXpath , continue.
2019-02-22 19:47:39  [ main:1289453 ] - [ ERROR ]  Null nodeXpath , continue.
2019-02-22 19:47:39  [ main:1289453 ] - [ ERROR ]  Null nodeXpath , continue.
2019-02-22 19:47:39  [ main:1289453 ] - [ ERROR ]  Null nodeXpath , continue.
2019-02-22 19:47:39  [ main:1289453 ] - [ ERROR ]  Null nodeXpath , continue.
2019-02-22 19:47:39  [ main:1289453 ] - [ ERROR ]  Null nodeXpath , continue.
2019-02-22 19:47:39  [ main:1289454 ] - [ ERROR ]  Null nodeXpath , continue.
2019-02-22 19:47:39  [ main:1289454 ] - [ ERROR ]  Null nodeXpath , continue.
2019-02-22 19:47:39  [ main:1289454 ] - [ ERROR ]  Null nodeXpath , continue.
2019-02-22 19:47:39  [ main:1289454 ] - [ ERROR ]  Null nodeXpath , continue.
2019-02-22 19:47:39  [ main:1289454 ] - [ ERROR ]  Null nodeXpath , continue.
2019-02-22 19:47:39  [ main:1289454 ] - [ ERROR ]  Null nodeXpath , continue.
2019-02-22 19:47:39  [ main:1289454 ] - [ ERROR ]  Null nodeXpath , continue.
2019-02-22 19:47:39  [ main:1289454 ] - [ ERROR ]  Null nodeXpath , continue.
2019-02-22 19:47:39  [ main:1289454 ] - [ ERROR ]  Null nodeXpath , continue.
2019-02-22 19:47:39  [ main:1289454 ] - [ ERROR ]  Null nodeXpath , continue.
2019-02-22 19:48:54  [ main:1363978 ] - [ ERROR ]  Null nodeXpath , continue.
2019-02-22 19:48:54  [ main:1363978 ] - [ ERROR ]  Null nodeXpath , continue.
2019-02-22 19:48:54  [ main:1363978 ] - [ ERROR ]  Null nodeXpath , continue.
2019-02-22 19:48:54  [ main:1363979 ] - [ ERROR ]  Null nodeXpath , continue.
2019-02-22 19:48:54  [ main:1363979 ] - [ ERROR ]  Null nodeXpath , continue.
2019-02-22 19:48:54  [ main:1363979 ] - [ ERROR ]  Null nodeXpath , continue.
2019-02-22 19:48:54  [ main:1363979 ] - [ ERROR ]  Null nodeXpath , continue.
2019-02-22 19:48:54  [ main:1363979 ] - [ ERROR ]  Null nodeXpath , continue.
2019-02-22 19:48:54  [ main:1363979 ] - [ ERROR ]  Null nodeXpath , continue.
2019-02-22 19:48:54  [ main:1363979 ] - [ ERROR ]  Null nodeXpath , continue.
2019-02-22 19:48:54  [ main:1363979 ] - [ ERROR ]  Null nodeXpath , continue.
2019-02-22 19:48:54  [ main:1363979 ] - [ ERROR ]  Null nodeXpath , continue.
2019-02-22 19:48:54  [ main:1363980 ] - [ ERROR ]  Null nodeXpath , continue.
2019-02-22 19:48:54  [ main:1363980 ] - [ ERROR ]  Null nodeXpath , continue.
2019-02-22 19:48:54  [ main:1363980 ] - [ ERROR ]  Null nodeXpath , continue.
2019-02-22 19:48:54  [ main:1363980 ] - [ ERROR ]  Null nodeXpath , continue.
2019-02-22 19:48:54  [ main:1363980 ] - [ ERROR ]  Null nodeXpath , continue.
2019-02-22 19:48:54  [ main:1363980 ] - [ ERROR ]  Null nodeXpath , continue.
2019-02-22 19:48:54  [ main:1363980 ] - [ ERROR ]  Null nodeXpath , continue.
2019-02-22 19:48:54  [ main:1363980 ] - [ ERROR ]  Null nodeXpath , continue.
2019-02-22 19:48:54  [ main:1363980 ] - [ ERROR ]  Null nodeXpath , continue.
2019-02-22 19:49:38  [ main:1407989 ] - [ ERROR ]  Null nodeXpath , continue.
2019-02-22 19:49:38  [ main:1407991 ] - [ ERROR ]  Null nodeXpath , continue.
2019-02-22 19:49:38  [ main:1407991 ] - [ ERROR ]  Null nodeXpath , continue.
2019-02-22 19:49:38  [ main:1407991 ] - [ ERROR ]  Null nodeXpath , continue.
2019-02-22 19:49:38  [ main:1407991 ] - [ ERROR ]  Null nodeXpath , continue.
2019-02-22 19:49:38  [ main:1407991 ] - [ ERROR ]  Null nodeXpath , continue.
2019-02-22 19:49:38  [ main:1407992 ] - [ ERROR ]  Null nodeXpath , continue.
2019-02-22 19:49:38  [ main:1407992 ] - [ ERROR ]  Null nodeXpath , continue.
2019-02-22 19:49:38  [ main:1407992 ] - [ ERROR ]  Null nodeXpath , continue.
2019-02-22 19:49:38  [ main:1407992 ] - [ ERROR ]  Null nodeXpath , continue.
2019-02-22 19:49:38  [ main:1407992 ] - [ ERROR ]  Null nodeXpath , continue.
2019-02-22 19:49:38  [ main:1407992 ] - [ ERROR ]  Null nodeXpath , continue.
2019-02-22 19:49:38  [ main:1407992 ] - [ ERROR ]  Null nodeXpath , continue.
2019-02-22 19:49:38  [ main:1407992 ] - [ ERROR ]  Null nodeXpath , continue.
2019-02-22 19:49:38  [ main:1407992 ] - [ ERROR ]  Null nodeXpath , continue.
2019-02-22 19:49:38  [ main:1407993 ] - [ ERROR ]  Null nodeXpath , continue.
2019-02-22 19:49:38  [ main:1407993 ] - [ ERROR ]  Null nodeXpath , continue.
2019-02-22 19:49:38  [ main:1407993 ] - [ ERROR ]  Null nodeXpath , continue.
2019-02-22 19:49:38  [ main:1407993 ] - [ ERROR ]  Null nodeXpath , continue.
2019-02-22 19:50:21  [ main:1451017 ] - [ ERROR ]  Null nodeXpath , continue.
2019-02-22 19:50:21  [ main:1451019 ] - [ ERROR ]  Null nodeXpath , continue.
2019-02-22 19:50:21  [ main:1451019 ] - [ ERROR ]  Null nodeXpath , continue.
2019-02-22 19:50:21  [ main:1451019 ] - [ ERROR ]  Null nodeXpath , continue.
2019-02-22 19:50:21  [ main:1451019 ] - [ ERROR ]  Null nodeXpath , continue.
2019-02-22 19:50:21  [ main:1451020 ] - [ ERROR ]  Null nodeXpath , continue.
2019-02-22 19:50:21  [ main:1451020 ] - [ ERROR ]  Null nodeXpath , continue.
2019-02-22 19:50:21  [ main:1451020 ] - [ ERROR ]  Null nodeXpath , continue.
2019-02-22 19:50:21  [ main:1451020 ] - [ ERROR ]  Null nodeXpath , continue.
2019-02-22 19:50:21  [ main:1451021 ] - [ ERROR ]  Null nodeXpath , continue.
2019-02-22 19:51:49  [ main:1539552 ] - [ ERROR ]  当前com.taobao.windmill.bundle.TBWMLActivity没有可点击的元素
2019-02-22 19:52:10  [ main:1560162 ] - [ ERROR ]  Null nodeXpath , continue.
2019-02-22 19:52:10  [ main:1560162 ] - [ ERROR ]  Null nodeXpath , continue.
2019-02-22 19:52:10  [ main:1560162 ] - [ ERROR ]  Null nodeXpath , continue.
2019-02-22 19:52:10  [ main:1560162 ] - [ ERROR ]  Null nodeXpath , continue.
2019-02-22 19:52:10  [ main:1560163 ] - [ ERROR ]  Null nodeXpath , continue.
2019-02-22 19:53:20  [ main:1629837 ] - [ ERROR ]  Null nodeXpath , continue.
2019-02-22 19:53:20  [ main:1629839 ] - [ ERROR ]  Null nodeXpath , continue.
2019-02-22 19:53:20  [ main:1629839 ] - [ ERROR ]  Null nodeXpath , continue.
2019-02-22 19:53:20  [ main:1629839 ] - [ ERROR ]  Null nodeXpath , continue.
2019-02-22 19:53:20  [ main:1629839 ] - [ ERROR ]  Null nodeXpath , continue.
2019-02-22 19:53:20  [ main:1629839 ] - [ ERROR ]  Null nodeXpath , continue.
2019-02-22 19:53:20  [ main:1629839 ] - [ ERROR ]  Null nodeXpath , continue.
2019-02-22 19:53:20  [ main:1629840 ] - [ ERROR ]  Null nodeXpath , continue.
2019-02-22 19:53:20  [ main:1629840 ] - [ ERROR ]  Null nodeXpath , continue.
2019-02-22 19:53:20  [ main:1629840 ] - [ ERROR ]  Null nodeXpath , continue.
2019-02-22 19:54:45  [ main:1714790 ] - [ ERROR ]  Null nodeXpath , continue.
2019-02-22 19:54:45  [ main:1714790 ] - [ ERROR ]  Null nodeXpath , continue.
2019-02-22 19:54:45  [ main:1714791 ] - [ ERROR ]  Null nodeXpath , continue.
2019-02-22 19:54:45  [ main:1714791 ] - [ ERROR ]  Null nodeXpath , continue.
2019-02-22 19:54:45  [ main:1714791 ] - [ ERROR ]  Null nodeXpath , continue.
2019-02-22 19:54:45  [ main:1714791 ] - [ ERROR ]  Null nodeXpath , continue.
2019-02-22 19:54:45  [ main:1714791 ] - [ ERROR ]  Null nodeXpath , continue.
2019-02-22 19:54:45  [ main:1714792 ] - [ ERROR ]  Null nodeXpath , continue.
2019-02-22 19:54:45  [ main:1714792 ] - [ ERROR ]  Null nodeXpath , continue.
2019-02-22 19:56:22  [ Thread-2:1812496 ] - [ ERROR ]  
==============================
